--------------- Build Started: 01/20/2017 22:10:57 Project: OLED, Configuration: ARM GCC 4.9-2015-q1-update Debug ---------------
cydsfit.exe -.appdatapath "C:\Users\Zeus\AppData\Local\Cypress Semiconductor\PSoC Creator\4.0" -.fdsnotice -.fdswarpdepfile=warp_dependencies.txt -.fdselabdepfile=elab_dependencies.txt -.fdsbldfile=generated_files.txt -.fdsreffile=referenced_files.txt -p C:\Users\Zeus\Documents\Projects\Cypress-PSOC-OLED\OLED.cydsn\OLED.cyprj -d CY8C4A45LQI-483 -s C:\Users\Zeus\Documents\Projects\Cypress-PSOC-OLED\OLED.cydsn\Generated_Source\PSoC4 -- -yv2 -q10 -ygs -o2 -v3 -.fftcfgtype=LE
Elaborating Design...
ADD: sdb.M0060: warning: Warning in component: I2COLED. The actual data rate is faster than the requested data rate.
 * C:\Users\Zeus\Documents\Projects\Cypress-PSOC-OLED\OLED.cydsn\TopDesign\TopDesign.cysch (Instance:I2COLED)
HDL Generation...
Synthesis...
Tech Mapping...
Analog Placement...
Analog Routing...
Analog Code Generation...
Digital Placement...
Digital Routing...
Info: pft.M0077: There is no timing information available for the selected device. Static timing checks will not be applied and digital routing will not be timing-driven. (App=cydsfit)
Bitstream Generation...
Bitstream Verification...
Static timing analysis...
API Generation...
Dependency Generation...
Cleanup...
arm-none-eabi-gcc.exe -mcpu=cortex-m0plus -mthumb -I. -IGenerated_Source\PSoC4 -Wa,-alh=.\CortexM0p\ARM_GCC_493\Debug/main.lst -g -D DEBUG -Wall -ffunction-sections -Og -ffat-lto-objects -c main.c -o .\CortexM0p\ARM_GCC_493\Debug\main.o
arm-none-eabi-gcc.exe -mcpu=cortex-m0plus -mthumb -I. -IGenerated_Source\PSoC4 -Wa,-alh=.\CortexM0p\ARM_GCC_493\Debug/ssd1306.lst -g -D DEBUG -Wall -ffunction-sections -Og -ffat-lto-objects -c ssd1306.c -o .\CortexM0p\ARM_GCC_493\Debug\ssd1306.o
ssd1306.c: In function 'display_line':
ssd1306.c:274:42: warning: 'mask' may be used uninitialized in this function [-Wmaybe-uninitialized]
                     case BLACK:     *ptr &= ~mask; break;
                                          ^
arm-none-eabi-gcc.exe -mcpu=cortex-m0plus -mthumb -I. -IGenerated_Source\PSoC4 -Wa,-alh=.\CortexM0p\ARM_GCC_493\Debug/cyfitter_cfg.lst -g -D DEBUG -Wall -ffunction-sections -Og -ffat-lto-objects -c Generated_Source\PSoC4\cyfitter_cfg.c -o .\CortexM0p\ARM_GCC_493\Debug\cyfitter_cfg.o
arm-none-eabi-gcc.exe -mcpu=cortex-m0plus -mthumb -I. -IGenerated_Source\PSoC4 -Wa,-alh=.\CortexM0p\ARM_GCC_493\Debug/I2COLED.lst -g -D DEBUG -Wall -ffunction-sections -Og -ffat-lto-objects -c Generated_Source\PSoC4\I2COLED.c -o .\CortexM0p\ARM_GCC_493\Debug\I2COLED.o
arm-none-eabi-gcc.exe -mcpu=cortex-m0plus -mthumb -I. -IGenerated_Source\PSoC4 -Wa,-alh=.\CortexM0p\ARM_GCC_493\Debug/I2COLED_I2C_INT.lst -g -D DEBUG -Wall -ffunction-sections -Og -ffat-lto-objects -c Generated_Source\PSoC4\I2COLED_I2C_INT.c -o .\CortexM0p\ARM_GCC_493\Debug\I2COLED_I2C_INT.o
arm-none-eabi-gcc.exe -mcpu=cortex-m0plus -mthumb -I. -IGenerated_Source\PSoC4 -Wa,-alh=.\CortexM0p\ARM_GCC_493\Debug/I2COLED_I2C.lst -g -D DEBUG -Wall -ffunction-sections -Og -ffat-lto-objects -c Generated_Source\PSoC4\I2COLED_I2C.c -o .\CortexM0p\ARM_GCC_493\Debug\I2COLED_I2C.o
arm-none-eabi-gcc.exe -mcpu=cortex-m0plus -mthumb -I. -IGenerated_Source\PSoC4 -Wa,-alh=.\CortexM0p\ARM_GCC_493\Debug/I2COLED_I2C_BOOT.lst -g -D DEBUG -Wall -ffunction-sections -Og -ffat-lto-objects -c Generated_Source\PSoC4\I2COLED_I2C_BOOT.c -o .\CortexM0p\ARM_GCC_493\Debug\I2COLED_I2C_BOOT.o
arm-none-eabi-gcc.exe -mcpu=cortex-m0plus -mthumb -I. -IGenerated_Source\PSoC4 -Wa,-alh=.\CortexM0p\ARM_GCC_493\Debug/I2COLED_I2C_MASTER.lst -g -D DEBUG -Wall -ffunction-sections -Og -ffat-lto-objects -c Generated_Source\PSoC4\I2COLED_I2C_MASTER.c -o .\CortexM0p\ARM_GCC_493\Debug\I2COLED_I2C_MASTER.o
arm-none-eabi-gcc.exe -mcpu=cortex-m0plus -mthumb -I. -IGenerated_Source\PSoC4 -Wa,-alh=.\CortexM0p\ARM_GCC_493\Debug/I2COLED_PM.lst -g -D DEBUG -Wall -ffunction-sections -Og -ffat-lto-objects -c Generated_Source\PSoC4\I2COLED_PM.c -o .\CortexM0p\ARM_GCC_493\Debug\I2COLED_PM.o
arm-none-eabi-gcc.exe -mcpu=cortex-m0plus -mthumb -I. -IGenerated_Source\PSoC4 -Wa,-alh=.\CortexM0p\ARM_GCC_493\Debug/I2COLED_BOOT.lst -g -D DEBUG -Wall -ffunction-sections -Og -ffat-lto-objects -c Generated_Source\PSoC4\I2COLED_BOOT.c -o .\CortexM0p\ARM_GCC_493\Debug\I2COLED_BOOT.o
arm-none-eabi-ar.exe -rs .\CortexM0p\ARM_GCC_493\Debug\OLED.a .\CortexM0p\ARM_GCC_493\Debug\cyfitter_cfg.o .\CortexM0p\ARM_GCC_493\Debug\I2COLED.o .\CortexM0p\ARM_GCC_493\Debug\I2COLED_I2C_INT.o .\CortexM0p\ARM_GCC_493\Debug\I2COLED_I2C.o .\CortexM0p\ARM_GCC_493\Debug\I2COLED_I2C_BOOT.o .\CortexM0p\ARM_GCC_493\Debug\I2COLED_I2C_MASTER.o .\CortexM0p\ARM_GCC_493\Debug\I2COLED_PM.o .\CortexM0p\ARM_GCC_493\Debug\I2COLED_BOOT.o .\CortexM0p\ARM_GCC_493\Debug\I2COLED_SCBCLK.o .\CortexM0p\ARM_GCC_493\Debug\I2COLED_sda.o .\CortexM0p\ARM_GCC_493\Debug\I2COLED_sda_PM.o .\CortexM0p\ARM_GCC_493\Debug\I2COLED_scl.o .\CortexM0p\ARM_GCC_493\Debug\I2COLED_scl_PM.o .\CortexM0p\ARM_GCC_493\Debug\I2COLED_SCB_IRQ.o .\CortexM0p\ARM_GCC_493\Debug\CyFlash.o .\CortexM0p\ARM_GCC_493\Debug\CyLib.o .\CortexM0p\ARM_GCC_493\Debug\cyPm.o .\CortexM0p\ARM_GCC_493\Debug\cyutils.o .\CortexM0p\ARM_GCC_493\Debug\CyDMA.o .\CortexM0p\ARM_GCC_493\Debug\CyLFClk.o .\CortexM0p\ARM_GCC_493\Debug\CyBootAsmGnu.o
arm-none-eabi-ar.exe: creating .\CortexM0p\ARM_GCC_493\Debug\OLED.a
arm-none-eabi-gcc.exe -Wl,--start-group -o .\CortexM0p\ARM_GCC_493\Debug\OLED.elf .\CortexM0p\ARM_GCC_493\Debug\main.o .\CortexM0p\ARM_GCC_493\Debug\ssd1306.o .\CortexM0p\ARM_GCC_493\Debug\cymetadata.o .\CortexM0p\ARM_GCC_493\Debug\Cm0plusStart.o .\CortexM0p\ARM_GCC_493\Debug\OLED.a -mcpu=cortex-m0plus -mthumb -g -ffunction-sections -Og -ffat-lto-objects -L Generated_Source\PSoC4 -Wl,-Map,.\CortexM0p\ARM_GCC_493\Debug/OLED.map -T C:\Users\Zeus\Documents\Projects\Cypress-PSOC-OLED\OLED.cydsn\Generated_Source\PSoC4\cm0plusgcc.ld -specs=nano.specs -Wl,--gc-sections -Wl,--end-group
cyelftool.exe -C C:\Users\Zeus\Documents\Projects\Cypress-PSOC-OLED\OLED.cydsn\CortexM0p\ARM_GCC_493\Debug\OLED.elf --flash_row_size 128 --flash_size 32768
cyelftool.exe -S C:\Users\Zeus\Documents\Projects\Cypress-PSOC-OLED\OLED.cydsn\CortexM0p\ARM_GCC_493\Debug\OLED.elf
Flash used: 9744 of 32768 bytes (29.7 %).
SRAM used: 2568 of 4096 bytes (62.7 %). Stack: 1024 bytes. Heap: 128 bytes.
--------------- Build Succeeded: 01/20/2017 22:11:07 ---------------
