ARM GAS  C:\Users\Zeus\AppData\Local\Temp\cc4GUGpV.s 			page 1


   1              		.cpu cortex-m0plus
   2              		.fpu softvfp
   3              		.eabi_attribute 20, 1
   4              		.eabi_attribute 21, 1
   5              		.eabi_attribute 23, 3
   6              		.eabi_attribute 24, 1
   7              		.eabi_attribute 25, 1
   8              		.eabi_attribute 26, 1
   9              		.eabi_attribute 30, 1
  10              		.eabi_attribute 34, 0
  11              		.eabi_attribute 18, 4
  12              		.code	16
  13              		.file	"cyfitter_cfg.c"
  14              		.text
  15              	.Ltext0:
  16              		.cfi_sections	.debug_frame
  17              		.section	.text.AnalogSetDefault,"ax",%progbits
  18              		.align	2
  19              		.code	16
  20              		.thumb_func
  21              		.type	AnalogSetDefault, %function
  22              	AnalogSetDefault:
  23              	.LFB5:
  24              		.file 1 "Generated_Source\\PSoC4\\cyfitter_cfg.c"
   1:Generated_Source\PSoC4/cyfitter_cfg.c **** /*******************************************************************************
   2:Generated_Source\PSoC4/cyfitter_cfg.c **** * File Name: cyfitter_cfg.c
   3:Generated_Source\PSoC4/cyfitter_cfg.c **** * 
   4:Generated_Source\PSoC4/cyfitter_cfg.c **** * PSoC Creator  4.0
   5:Generated_Source\PSoC4/cyfitter_cfg.c **** *
   6:Generated_Source\PSoC4/cyfitter_cfg.c **** * Description:
   7:Generated_Source\PSoC4/cyfitter_cfg.c **** * This file contains device initialization code.
   8:Generated_Source\PSoC4/cyfitter_cfg.c **** * Except for the user defined sections in CyClockStartupError(), this file should not be modified.
   9:Generated_Source\PSoC4/cyfitter_cfg.c **** * This file is automatically generated by PSoC Creator.
  10:Generated_Source\PSoC4/cyfitter_cfg.c **** *
  11:Generated_Source\PSoC4/cyfitter_cfg.c **** ********************************************************************************
  12:Generated_Source\PSoC4/cyfitter_cfg.c **** * Copyright (c) 2007-2016 Cypress Semiconductor.  All rights reserved.
  13:Generated_Source\PSoC4/cyfitter_cfg.c **** * You may use this file only in accordance with the license, terms, conditions, 
  14:Generated_Source\PSoC4/cyfitter_cfg.c **** * disclaimers, and limitations in the end user license agreement accompanying 
  15:Generated_Source\PSoC4/cyfitter_cfg.c **** * the software package with which this file was provided.
  16:Generated_Source\PSoC4/cyfitter_cfg.c **** ********************************************************************************/
  17:Generated_Source\PSoC4/cyfitter_cfg.c **** 
  18:Generated_Source\PSoC4/cyfitter_cfg.c **** #include <string.h>
  19:Generated_Source\PSoC4/cyfitter_cfg.c **** #include "cytypes.h"
  20:Generated_Source\PSoC4/cyfitter_cfg.c **** #include "cydevice_trm.h"
  21:Generated_Source\PSoC4/cyfitter_cfg.c **** #include "cyfitter.h"
  22:Generated_Source\PSoC4/cyfitter_cfg.c **** #include "CyLib.h"
  23:Generated_Source\PSoC4/cyfitter_cfg.c **** #include "cyfitter_cfg.h"
  24:Generated_Source\PSoC4/cyfitter_cfg.c **** 
  25:Generated_Source\PSoC4/cyfitter_cfg.c **** 
  26:Generated_Source\PSoC4/cyfitter_cfg.c **** #if defined(__GNUC__) || defined(__ARMCC_VERSION)
  27:Generated_Source\PSoC4/cyfitter_cfg.c ****     #define CYPACKED 
  28:Generated_Source\PSoC4/cyfitter_cfg.c ****     #define CYPACKED_ATTR __attribute__ ((packed))
  29:Generated_Source\PSoC4/cyfitter_cfg.c ****     #define CYALIGNED __attribute__ ((aligned))
  30:Generated_Source\PSoC4/cyfitter_cfg.c ****     #define CY_CFG_UNUSED __attribute__ ((unused))
  31:Generated_Source\PSoC4/cyfitter_cfg.c ****     #ifndef CY_CFG_SECTION
  32:Generated_Source\PSoC4/cyfitter_cfg.c ****         #define CY_CFG_SECTION __attribute__ ((section(".psocinit")))
  33:Generated_Source\PSoC4/cyfitter_cfg.c ****     #endif
ARM GAS  C:\Users\Zeus\AppData\Local\Temp\cc4GUGpV.s 			page 2


  34:Generated_Source\PSoC4/cyfitter_cfg.c ****     
  35:Generated_Source\PSoC4/cyfitter_cfg.c ****     #if defined(__ARMCC_VERSION)
  36:Generated_Source\PSoC4/cyfitter_cfg.c ****         #define CY_CFG_MEMORY_BARRIER() __memory_changed()
  37:Generated_Source\PSoC4/cyfitter_cfg.c ****     #else
  38:Generated_Source\PSoC4/cyfitter_cfg.c ****         #define CY_CFG_MEMORY_BARRIER() __sync_synchronize()
  39:Generated_Source\PSoC4/cyfitter_cfg.c ****     #endif
  40:Generated_Source\PSoC4/cyfitter_cfg.c ****     
  41:Generated_Source\PSoC4/cyfitter_cfg.c **** #elif defined(__ICCARM__)
  42:Generated_Source\PSoC4/cyfitter_cfg.c ****     #include <intrinsics.h>
  43:Generated_Source\PSoC4/cyfitter_cfg.c **** 
  44:Generated_Source\PSoC4/cyfitter_cfg.c ****     #define CYPACKED __packed
  45:Generated_Source\PSoC4/cyfitter_cfg.c ****     #define CYPACKED_ATTR 
  46:Generated_Source\PSoC4/cyfitter_cfg.c ****     #define CYALIGNED _Pragma("data_alignment=4")
  47:Generated_Source\PSoC4/cyfitter_cfg.c ****     #define CY_CFG_UNUSED _Pragma("diag_suppress=Pe177")
  48:Generated_Source\PSoC4/cyfitter_cfg.c ****     #define CY_CFG_SECTION _Pragma("location=\".psocinit\"")
  49:Generated_Source\PSoC4/cyfitter_cfg.c ****     
  50:Generated_Source\PSoC4/cyfitter_cfg.c ****     #define CY_CFG_MEMORY_BARRIER() __DMB()
  51:Generated_Source\PSoC4/cyfitter_cfg.c ****     
  52:Generated_Source\PSoC4/cyfitter_cfg.c **** #else
  53:Generated_Source\PSoC4/cyfitter_cfg.c ****     #error Unsupported toolchain
  54:Generated_Source\PSoC4/cyfitter_cfg.c **** #endif
  55:Generated_Source\PSoC4/cyfitter_cfg.c **** 
  56:Generated_Source\PSoC4/cyfitter_cfg.c **** 
  57:Generated_Source\PSoC4/cyfitter_cfg.c **** CY_CFG_UNUSED
  58:Generated_Source\PSoC4/cyfitter_cfg.c **** static void CYMEMZERO(void *s, size_t n);
  59:Generated_Source\PSoC4/cyfitter_cfg.c **** CY_CFG_UNUSED
  60:Generated_Source\PSoC4/cyfitter_cfg.c **** static void CYMEMZERO(void *s, size_t n)
  61:Generated_Source\PSoC4/cyfitter_cfg.c **** {
  62:Generated_Source\PSoC4/cyfitter_cfg.c **** 	(void)memset(s, 0, n);
  63:Generated_Source\PSoC4/cyfitter_cfg.c **** }
  64:Generated_Source\PSoC4/cyfitter_cfg.c **** CY_CFG_UNUSED
  65:Generated_Source\PSoC4/cyfitter_cfg.c **** static void CYCONFIGCPY(void *dest, const void *src, size_t n);
  66:Generated_Source\PSoC4/cyfitter_cfg.c **** CY_CFG_UNUSED
  67:Generated_Source\PSoC4/cyfitter_cfg.c **** static void CYCONFIGCPY(void *dest, const void *src, size_t n)
  68:Generated_Source\PSoC4/cyfitter_cfg.c **** {
  69:Generated_Source\PSoC4/cyfitter_cfg.c **** 	(void)memcpy(dest, src, n);
  70:Generated_Source\PSoC4/cyfitter_cfg.c **** }
  71:Generated_Source\PSoC4/cyfitter_cfg.c **** CY_CFG_UNUSED
  72:Generated_Source\PSoC4/cyfitter_cfg.c **** static void CYCONFIGCPYCODE(void *dest, const void *src, size_t n);
  73:Generated_Source\PSoC4/cyfitter_cfg.c **** CY_CFG_UNUSED
  74:Generated_Source\PSoC4/cyfitter_cfg.c **** static void CYCONFIGCPYCODE(void *dest, const void *src, size_t n)
  75:Generated_Source\PSoC4/cyfitter_cfg.c **** {
  76:Generated_Source\PSoC4/cyfitter_cfg.c **** 	(void)memcpy(dest, src, n);
  77:Generated_Source\PSoC4/cyfitter_cfg.c **** }
  78:Generated_Source\PSoC4/cyfitter_cfg.c **** 
  79:Generated_Source\PSoC4/cyfitter_cfg.c **** 
  80:Generated_Source\PSoC4/cyfitter_cfg.c **** 
  81:Generated_Source\PSoC4/cyfitter_cfg.c **** 
  82:Generated_Source\PSoC4/cyfitter_cfg.c **** /* Clock startup error codes                                                   */
  83:Generated_Source\PSoC4/cyfitter_cfg.c **** #define CYCLOCKSTART_NO_ERROR    0u
  84:Generated_Source\PSoC4/cyfitter_cfg.c **** #define CYCLOCKSTART_XTAL_ERROR  1u
  85:Generated_Source\PSoC4/cyfitter_cfg.c **** #define CYCLOCKSTART_32KHZ_ERROR 2u
  86:Generated_Source\PSoC4/cyfitter_cfg.c **** #define CYCLOCKSTART_PLL_ERROR   3u
  87:Generated_Source\PSoC4/cyfitter_cfg.c **** 
  88:Generated_Source\PSoC4/cyfitter_cfg.c **** 
  89:Generated_Source\PSoC4/cyfitter_cfg.c **** #ifdef CY_NEED_CYCLOCKSTARTUPERROR
  90:Generated_Source\PSoC4/cyfitter_cfg.c **** /*******************************************************************************
ARM GAS  C:\Users\Zeus\AppData\Local\Temp\cc4GUGpV.s 			page 3


  91:Generated_Source\PSoC4/cyfitter_cfg.c **** * Function Name: CyClockStartupError
  92:Generated_Source\PSoC4/cyfitter_cfg.c **** ********************************************************************************
  93:Generated_Source\PSoC4/cyfitter_cfg.c **** * Summary:
  94:Generated_Source\PSoC4/cyfitter_cfg.c **** *  If an error is encountered during clock configuration (crystal startup error,
  95:Generated_Source\PSoC4/cyfitter_cfg.c **** *  PLL lock error, etc.), the system will end up here.  Unless reimplemented by
  96:Generated_Source\PSoC4/cyfitter_cfg.c **** *  the customer, this function will stop in an infinite loop.
  97:Generated_Source\PSoC4/cyfitter_cfg.c **** *
  98:Generated_Source\PSoC4/cyfitter_cfg.c **** * Parameters:
  99:Generated_Source\PSoC4/cyfitter_cfg.c **** *   void
 100:Generated_Source\PSoC4/cyfitter_cfg.c **** *
 101:Generated_Source\PSoC4/cyfitter_cfg.c **** * Return:
 102:Generated_Source\PSoC4/cyfitter_cfg.c **** *   void
 103:Generated_Source\PSoC4/cyfitter_cfg.c **** *
 104:Generated_Source\PSoC4/cyfitter_cfg.c **** *******************************************************************************/
 105:Generated_Source\PSoC4/cyfitter_cfg.c **** CY_CFG_UNUSED
 106:Generated_Source\PSoC4/cyfitter_cfg.c **** static void CyClockStartupError(uint8 errorCode);
 107:Generated_Source\PSoC4/cyfitter_cfg.c **** CY_CFG_UNUSED
 108:Generated_Source\PSoC4/cyfitter_cfg.c **** static void CyClockStartupError(uint8 errorCode)
 109:Generated_Source\PSoC4/cyfitter_cfg.c **** {
 110:Generated_Source\PSoC4/cyfitter_cfg.c ****     /* To remove the compiler warning if errorCode not used.                */
 111:Generated_Source\PSoC4/cyfitter_cfg.c ****     errorCode = errorCode;
 112:Generated_Source\PSoC4/cyfitter_cfg.c **** 
 113:Generated_Source\PSoC4/cyfitter_cfg.c ****     /* If we have a clock startup error (bad MHz crystal, PLL lock, etc.),  */
 114:Generated_Source\PSoC4/cyfitter_cfg.c ****     /* we will end up here to allow the customer to implement something to  */
 115:Generated_Source\PSoC4/cyfitter_cfg.c ****     /* deal with the clock condition.                                       */
 116:Generated_Source\PSoC4/cyfitter_cfg.c **** 
 117:Generated_Source\PSoC4/cyfitter_cfg.c **** #ifdef CY_CFG_CLOCK_STARTUP_ERROR_CALLBACK
 118:Generated_Source\PSoC4/cyfitter_cfg.c **** 	CY_CFG_Clock_Startup_ErrorCallback();
 119:Generated_Source\PSoC4/cyfitter_cfg.c **** #else
 120:Generated_Source\PSoC4/cyfitter_cfg.c **** 	/*  If not using CY_CFG_CLOCK_STARTUP_ERROR_CALLBACK, place your clock startup code here. */
 121:Generated_Source\PSoC4/cyfitter_cfg.c ****     /* `#START CyClockStartupError` */
 122:Generated_Source\PSoC4/cyfitter_cfg.c **** 
 123:Generated_Source\PSoC4/cyfitter_cfg.c ****     /* If we have a clock startup error (bad MHz crystal, PLL lock, etc.),  */
 124:Generated_Source\PSoC4/cyfitter_cfg.c ****     /* we will end up here to allow the customer to implement something to  */
 125:Generated_Source\PSoC4/cyfitter_cfg.c ****     /* deal with the clock condition.                                       */
 126:Generated_Source\PSoC4/cyfitter_cfg.c **** 
 127:Generated_Source\PSoC4/cyfitter_cfg.c ****     /* `#END` */
 128:Generated_Source\PSoC4/cyfitter_cfg.c **** 
 129:Generated_Source\PSoC4/cyfitter_cfg.c ****     /* If nothing else, stop here since the clocks have not started         */
 130:Generated_Source\PSoC4/cyfitter_cfg.c ****     /* correctly.                                                           */
 131:Generated_Source\PSoC4/cyfitter_cfg.c ****     while(1) {}
 132:Generated_Source\PSoC4/cyfitter_cfg.c **** #endif /* CY_CFG_CLOCK_STARTUP_ERROR_CALLBACK */ 
 133:Generated_Source\PSoC4/cyfitter_cfg.c **** }
 134:Generated_Source\PSoC4/cyfitter_cfg.c **** #endif
 135:Generated_Source\PSoC4/cyfitter_cfg.c **** 
 136:Generated_Source\PSoC4/cyfitter_cfg.c **** 
 137:Generated_Source\PSoC4/cyfitter_cfg.c **** 
 138:Generated_Source\PSoC4/cyfitter_cfg.c **** /*******************************************************************************
 139:Generated_Source\PSoC4/cyfitter_cfg.c **** * Function Name: ClockSetup
 140:Generated_Source\PSoC4/cyfitter_cfg.c **** ********************************************************************************
 141:Generated_Source\PSoC4/cyfitter_cfg.c **** *
 142:Generated_Source\PSoC4/cyfitter_cfg.c **** * Summary:
 143:Generated_Source\PSoC4/cyfitter_cfg.c **** *   Performs the initialization of all of the clocks in the device based on the
 144:Generated_Source\PSoC4/cyfitter_cfg.c **** *   settings in the Clock tab of the DWR.  This includes enabling the requested
 145:Generated_Source\PSoC4/cyfitter_cfg.c **** *   clocks and setting the necessary dividers to produce the desired frequency. 
 146:Generated_Source\PSoC4/cyfitter_cfg.c **** *
 147:Generated_Source\PSoC4/cyfitter_cfg.c **** * Parameters:
ARM GAS  C:\Users\Zeus\AppData\Local\Temp\cc4GUGpV.s 			page 4


 148:Generated_Source\PSoC4/cyfitter_cfg.c **** *   void
 149:Generated_Source\PSoC4/cyfitter_cfg.c **** *
 150:Generated_Source\PSoC4/cyfitter_cfg.c **** * Return:
 151:Generated_Source\PSoC4/cyfitter_cfg.c **** *   void
 152:Generated_Source\PSoC4/cyfitter_cfg.c **** *
 153:Generated_Source\PSoC4/cyfitter_cfg.c **** *******************************************************************************/
 154:Generated_Source\PSoC4/cyfitter_cfg.c **** static void ClockSetup(void);
 155:Generated_Source\PSoC4/cyfitter_cfg.c **** CY_CFG_SECTION
 156:Generated_Source\PSoC4/cyfitter_cfg.c **** static void ClockSetup(void)
 157:Generated_Source\PSoC4/cyfitter_cfg.c **** {
 158:Generated_Source\PSoC4/cyfitter_cfg.c **** 
 159:Generated_Source\PSoC4/cyfitter_cfg.c **** 	/* Set Flash Cycles based on max possible frequency in case a glitch occurs during ClockSetup(). *
 160:Generated_Source\PSoC4/cyfitter_cfg.c **** 	CY_SET_REG32((void CYXDATA *)(CYREG_CPUSS_FLASH_CTL), (0x0012u));
 161:Generated_Source\PSoC4/cyfitter_cfg.c **** 	/* Update IMO to new clock speed. */
 162:Generated_Source\PSoC4/cyfitter_cfg.c **** 	CySysClkWriteImoFreq(24u);
 163:Generated_Source\PSoC4/cyfitter_cfg.c **** 
 164:Generated_Source\PSoC4/cyfitter_cfg.c **** 	/* Setup phase aligned clocks */
 165:Generated_Source\PSoC4/cyfitter_cfg.c **** 	CY_SET_REG32((void *)CYREG_PERI_DIV_16_CTL0, 0x00000000u);
 166:Generated_Source\PSoC4/cyfitter_cfg.c **** 	CY_SET_REG32((void *)CYREG_PERI_DIV_CMD, 0x8000FF40u);
 167:Generated_Source\PSoC4/cyfitter_cfg.c **** 	CY_SET_REG32((void *)CYREG_PERI_DIV_16_CTL1, 0x00000600u);
 168:Generated_Source\PSoC4/cyfitter_cfg.c **** 	CY_SET_REG32((void *)CYREG_PERI_DIV_CMD, 0x8000FF41u);
 169:Generated_Source\PSoC4/cyfitter_cfg.c **** 
 170:Generated_Source\PSoC4/cyfitter_cfg.c **** 	/* CYDEV_CLK_SELECT Starting address: CYDEV_CLK_SELECT */
 171:Generated_Source\PSoC4/cyfitter_cfg.c **** 	CY_SET_XTND_REG32((void CYFAR *)(CYREG_CLK_SELECT), 0x00000004u);
 172:Generated_Source\PSoC4/cyfitter_cfg.c **** 
 173:Generated_Source\PSoC4/cyfitter_cfg.c **** 	/* CYDEV_PERI_PCLK_CTL0 Starting address: CYDEV_PERI_PCLK_CTL0 */
 174:Generated_Source\PSoC4/cyfitter_cfg.c **** 	CY_SET_XTND_REG32((void CYFAR *)(CYREG_PERI_PCLK_CTL0), 0x00000041u);
 175:Generated_Source\PSoC4/cyfitter_cfg.c **** 
 176:Generated_Source\PSoC4/cyfitter_cfg.c **** 	CY_SET_XTND_REG32((void CYFAR *)(CYREG_WCO_WDT_CONFIG), 0x00000000u);
 177:Generated_Source\PSoC4/cyfitter_cfg.c **** 	CySysClkSetTimerSource(CY_SYS_CLK_TIMER_SRC_ILO);
 178:Generated_Source\PSoC4/cyfitter_cfg.c **** 	/* Set Flash Cycles based on newly configured 12.00MHz HFCLK. */
 179:Generated_Source\PSoC4/cyfitter_cfg.c **** 	CY_SET_REG32((void CYXDATA *)(CYREG_CPUSS_FLASH_CTL), (0x0000u));
 180:Generated_Source\PSoC4/cyfitter_cfg.c **** }
 181:Generated_Source\PSoC4/cyfitter_cfg.c **** 
 182:Generated_Source\PSoC4/cyfitter_cfg.c **** 
 183:Generated_Source\PSoC4/cyfitter_cfg.c **** /* Analog API Functions */
 184:Generated_Source\PSoC4/cyfitter_cfg.c **** 
 185:Generated_Source\PSoC4/cyfitter_cfg.c **** 
 186:Generated_Source\PSoC4/cyfitter_cfg.c **** /*******************************************************************************
 187:Generated_Source\PSoC4/cyfitter_cfg.c **** * Function Name: AnalogSetDefault
 188:Generated_Source\PSoC4/cyfitter_cfg.c **** ********************************************************************************
 189:Generated_Source\PSoC4/cyfitter_cfg.c **** *
 190:Generated_Source\PSoC4/cyfitter_cfg.c **** * Summary:
 191:Generated_Source\PSoC4/cyfitter_cfg.c **** *  Sets up the analog portions of the chip to default values based on chip
 192:Generated_Source\PSoC4/cyfitter_cfg.c **** *  configuration options from the project.
 193:Generated_Source\PSoC4/cyfitter_cfg.c **** *
 194:Generated_Source\PSoC4/cyfitter_cfg.c **** * Parameters:
 195:Generated_Source\PSoC4/cyfitter_cfg.c **** *  void
 196:Generated_Source\PSoC4/cyfitter_cfg.c **** *
 197:Generated_Source\PSoC4/cyfitter_cfg.c **** * Return:
 198:Generated_Source\PSoC4/cyfitter_cfg.c **** *  void
 199:Generated_Source\PSoC4/cyfitter_cfg.c **** *
 200:Generated_Source\PSoC4/cyfitter_cfg.c **** *******************************************************************************/
 201:Generated_Source\PSoC4/cyfitter_cfg.c **** static void AnalogSetDefault(void);
 202:Generated_Source\PSoC4/cyfitter_cfg.c **** static void AnalogSetDefault(void)
 203:Generated_Source\PSoC4/cyfitter_cfg.c **** {
  25              		.loc 1 203 0
ARM GAS  C:\Users\Zeus\AppData\Local\Temp\cc4GUGpV.s 			page 5


  26              		.cfi_startproc
 204:Generated_Source\PSoC4/cyfitter_cfg.c **** 	CY_SET_XTND_REG32((void CYFAR *)CYREG_PASS_PASS_CTRL, 0x00000003u);
  27              		.loc 1 204 0
  28 0000 0322     		mov	r2, #3
  29 0002 034B     		ldr	r3, .L2
  30 0004 1A60     		str	r2, [r3]
 205:Generated_Source\PSoC4/cyfitter_cfg.c **** 	CY_SET_XTND_REG32((void CYFAR *)CYREG_PASS_DSAB_DSAB_CTRL, 0x00000000u);
  31              		.loc 1 205 0
  32 0006 0022     		mov	r2, #0
  33 0008 024B     		ldr	r3, .L2+4
  34 000a 1A60     		str	r2, [r3]
 206:Generated_Source\PSoC4/cyfitter_cfg.c **** }
  35              		.loc 1 206 0
  36              		@ sp needed
  37 000c 7047     		bx	lr
  38              	.L3:
  39 000e C046     		.align	2
  40              	.L2:
  41 0010 08013F40 		.word	1077870856
  42 0014 000E3F40 		.word	1077874176
  43              		.cfi_endproc
  44              	.LFE5:
  45              		.size	AnalogSetDefault, .-AnalogSetDefault
  46              		.section	.psocinit,"ax",%progbits
  47              		.align	2
  48              		.code	16
  49              		.thumb_func
  50              		.type	ClockSetup, %function
  51              	ClockSetup:
  52              	.LFB4:
 157:Generated_Source\PSoC4/cyfitter_cfg.c **** 
  53              		.loc 1 157 0
  54              		.cfi_startproc
  55 0000 38B5     		push	{r3, r4, r5, lr}
  56              		.cfi_def_cfa_offset 16
  57              		.cfi_offset 3, -16
  58              		.cfi_offset 4, -12
  59              		.cfi_offset 5, -8
  60              		.cfi_offset 14, -4
 160:Generated_Source\PSoC4/cyfitter_cfg.c **** 	/* Update IMO to new clock speed. */
  61              		.loc 1 160 0
  62 0002 104D     		ldr	r5, .L5
  63 0004 1223     		mov	r3, #18
  64 0006 2B60     		str	r3, [r5]
 162:Generated_Source\PSoC4/cyfitter_cfg.c **** 
  65              		.loc 1 162 0
  66 0008 1820     		mov	r0, #24
  67 000a FFF7FEFF 		bl	CySysClkWriteImoFreq
  68              	.LVL0:
 165:Generated_Source\PSoC4/cyfitter_cfg.c **** 	CY_SET_REG32((void *)CYREG_PERI_DIV_CMD, 0x8000FF40u);
  69              		.loc 1 165 0
  70 000e 0024     		mov	r4, #0
  71 0010 0D4B     		ldr	r3, .L5+4
  72 0012 1C60     		str	r4, [r3]
 166:Generated_Source\PSoC4/cyfitter_cfg.c **** 	CY_SET_REG32((void *)CYREG_PERI_DIV_16_CTL1, 0x00000600u);
  73              		.loc 1 166 0
  74 0014 8023     		mov	r3, #128
ARM GAS  C:\Users\Zeus\AppData\Local\Temp\cc4GUGpV.s 			page 6


  75 0016 DB05     		lsl	r3, r3, #23
  76 0018 0C4A     		ldr	r2, .L5+8
  77 001a 1A60     		str	r2, [r3]
 167:Generated_Source\PSoC4/cyfitter_cfg.c **** 	CY_SET_REG32((void *)CYREG_PERI_DIV_CMD, 0x8000FF41u);
  78              		.loc 1 167 0
  79 001c C021     		mov	r1, #192
  80 001e C900     		lsl	r1, r1, #3
  81 0020 0B4A     		ldr	r2, .L5+12
  82 0022 1160     		str	r1, [r2]
 168:Generated_Source\PSoC4/cyfitter_cfg.c **** 
  83              		.loc 1 168 0
  84 0024 0B4A     		ldr	r2, .L5+16
  85 0026 1A60     		str	r2, [r3]
 171:Generated_Source\PSoC4/cyfitter_cfg.c **** 
  86              		.loc 1 171 0
  87 0028 0422     		mov	r2, #4
  88 002a 0B4B     		ldr	r3, .L5+20
  89 002c 1A60     		str	r2, [r3]
 174:Generated_Source\PSoC4/cyfitter_cfg.c **** 
  90              		.loc 1 174 0
  91 002e 3D32     		add	r2, r2, #61
  92 0030 0A4B     		ldr	r3, .L5+24
  93 0032 1A60     		str	r2, [r3]
 176:Generated_Source\PSoC4/cyfitter_cfg.c **** 	CySysClkSetTimerSource(CY_SYS_CLK_TIMER_SRC_ILO);
  94              		.loc 1 176 0
  95 0034 0A4B     		ldr	r3, .L5+28
  96 0036 1C60     		str	r4, [r3]
 177:Generated_Source\PSoC4/cyfitter_cfg.c **** 	/* Set Flash Cycles based on newly configured 12.00MHz HFCLK. */
  97              		.loc 1 177 0
  98 0038 0020     		mov	r0, #0
  99 003a FFF7FEFF 		bl	CySysClkSetTimerSource
 100              	.LVL1:
 179:Generated_Source\PSoC4/cyfitter_cfg.c **** }
 101              		.loc 1 179 0
 102 003e 2C60     		str	r4, [r5]
 180:Generated_Source\PSoC4/cyfitter_cfg.c **** 
 103              		.loc 1 180 0
 104              		@ sp needed
 105 0040 38BD     		pop	{r3, r4, r5, pc}
 106              	.L6:
 107 0042 C046     		.align	2
 108              	.L5:
 109 0044 30001040 		.word	1074790448
 110 0048 00030040 		.word	1073742592
 111 004c 40FF0080 		.word	-2147418304
 112 0050 04030040 		.word	1073742596
 113 0054 41FF0080 		.word	-2147418303
 114 0058 28000340 		.word	1073938472
 115 005c 00010040 		.word	1073742080
 116 0060 0C020640 		.word	1074135564
 117              		.cfi_endproc
 118              	.LFE4:
 119              		.size	ClockSetup, .-ClockSetup
 120              		.align	2
 121              		.global	cyfitter_cfg
 122              		.code	16
 123              		.thumb_func
ARM GAS  C:\Users\Zeus\AppData\Local\Temp\cc4GUGpV.s 			page 7


 124              		.type	cyfitter_cfg, %function
 125              	cyfitter_cfg:
 126              	.LFB6:
 207:Generated_Source\PSoC4/cyfitter_cfg.c **** 
 208:Generated_Source\PSoC4/cyfitter_cfg.c **** #define CY_AMUX_UNUSED CYREG_CM0P_ROM_DWT
 209:Generated_Source\PSoC4/cyfitter_cfg.c **** 
 210:Generated_Source\PSoC4/cyfitter_cfg.c **** 
 211:Generated_Source\PSoC4/cyfitter_cfg.c **** /*******************************************************************************
 212:Generated_Source\PSoC4/cyfitter_cfg.c **** * Function Name: cyfitter_cfg
 213:Generated_Source\PSoC4/cyfitter_cfg.c **** ********************************************************************************
 214:Generated_Source\PSoC4/cyfitter_cfg.c **** * Summary:
 215:Generated_Source\PSoC4/cyfitter_cfg.c **** *  This function is called by the start-up code for the selected device. It
 216:Generated_Source\PSoC4/cyfitter_cfg.c **** *  performs all of the necessary device configuration based on the design
 217:Generated_Source\PSoC4/cyfitter_cfg.c **** *  settings.  This includes settings from the Design Wide Resources (DWR) such
 218:Generated_Source\PSoC4/cyfitter_cfg.c **** *  as Clocks and Pins as well as any component configuration that is necessary.
 219:Generated_Source\PSoC4/cyfitter_cfg.c **** *
 220:Generated_Source\PSoC4/cyfitter_cfg.c **** * Parameters:  
 221:Generated_Source\PSoC4/cyfitter_cfg.c **** *   void
 222:Generated_Source\PSoC4/cyfitter_cfg.c **** *
 223:Generated_Source\PSoC4/cyfitter_cfg.c **** * Return:
 224:Generated_Source\PSoC4/cyfitter_cfg.c **** *   void
 225:Generated_Source\PSoC4/cyfitter_cfg.c **** *
 226:Generated_Source\PSoC4/cyfitter_cfg.c **** *******************************************************************************/
 227:Generated_Source\PSoC4/cyfitter_cfg.c **** CY_CFG_SECTION
 228:Generated_Source\PSoC4/cyfitter_cfg.c **** void cyfitter_cfg(void)
 229:Generated_Source\PSoC4/cyfitter_cfg.c **** {
 127              		.loc 1 229 0
 128              		.cfi_startproc
 129 0064 08B5     		push	{r3, lr}
 130              		.cfi_def_cfa_offset 8
 131              		.cfi_offset 3, -8
 132              		.cfi_offset 14, -4
 230:Generated_Source\PSoC4/cyfitter_cfg.c **** 	/* Disable interrupts by default. Let user enable if/when they want. */
 231:Generated_Source\PSoC4/cyfitter_cfg.c **** 	CyGlobalIntDisable;
 133              		.loc 1 231 0
 134              	@ 231 "Generated_Source\PSoC4\cyfitter_cfg.c" 1
 135 0066 72B6     		CPSID   i
 136              	@ 0 "" 2
 232:Generated_Source\PSoC4/cyfitter_cfg.c **** 
 233:Generated_Source\PSoC4/cyfitter_cfg.c **** 	{
 234:Generated_Source\PSoC4/cyfitter_cfg.c **** 		/* HSIOM Starting address: CYDEV_HSIOM_BASE */
 235:Generated_Source\PSoC4/cyfitter_cfg.c **** 		CY_SET_XTND_REG32((void CYFAR *)(CYDEV_HSIOM_BASE), 0x000000EEu);
 137              		.loc 1 235 0
 138              		.code	16
 139 0068 EE23     		mov	r3, #238
 140 006a 0A4A     		ldr	r2, .L8
 141 006c 1360     		str	r3, [r2]
 236:Generated_Source\PSoC4/cyfitter_cfg.c **** 		CY_SET_XTND_REG32((void CYFAR *)(CYREG_HSIOM_PORT_SEL3), 0x000000EEu);
 142              		.loc 1 236 0
 143 006e 0A4A     		ldr	r2, .L8+4
 144 0070 1360     		str	r3, [r2]
 237:Generated_Source\PSoC4/cyfitter_cfg.c **** 
 238:Generated_Source\PSoC4/cyfitter_cfg.c **** 		/* PASS_SAR_TRIG_SEL Starting address: CYDEV_PASS_SAR_TRIG_SEL */
 239:Generated_Source\PSoC4/cyfitter_cfg.c **** 		CY_SET_XTND_REG32((void CYFAR *)(CYREG_PASS_SAR_TRIG_SEL), 0x00000000u);
 145              		.loc 1 239 0
 146 0072 0022     		mov	r2, #0
 147 0074 094B     		ldr	r3, .L8+8
ARM GAS  C:\Users\Zeus\AppData\Local\Temp\cc4GUGpV.s 			page 8


 148 0076 1A60     		str	r2, [r3]
 240:Generated_Source\PSoC4/cyfitter_cfg.c **** 
 241:Generated_Source\PSoC4/cyfitter_cfg.c **** 	}
 242:Generated_Source\PSoC4/cyfitter_cfg.c **** 
 243:Generated_Source\PSoC4/cyfitter_cfg.c **** 	/* Perform second pass device configuration. These items must be configured in specific order afte
 244:Generated_Source\PSoC4/cyfitter_cfg.c **** 	/* IOPINS0_0 Starting address: CYDEV_GPIO_PRT0_BASE */
 245:Generated_Source\PSoC4/cyfitter_cfg.c **** 	CY_SET_XTND_REG32((void CYFAR *)(CYREG_GPIO_PRT0_PC), 0x00000036u);
 149              		.loc 1 245 0
 150 0078 3632     		add	r2, r2, #54
 151 007a 094B     		ldr	r3, .L8+12
 152 007c 1A60     		str	r2, [r3]
 246:Generated_Source\PSoC4/cyfitter_cfg.c **** 
 247:Generated_Source\PSoC4/cyfitter_cfg.c **** 	/* IOPINS0_3 Starting address: CYDEV_GPIO_PRT3_BASE */
 248:Generated_Source\PSoC4/cyfitter_cfg.c **** 	CY_SET_XTND_REG32((void CYFAR *)(CYDEV_GPIO_PRT3_BASE), 0x00000003u);
 153              		.loc 1 248 0
 154 007e 333A     		sub	r2, r2, #51
 155 0080 084B     		ldr	r3, .L8+16
 156 0082 1A60     		str	r2, [r3]
 249:Generated_Source\PSoC4/cyfitter_cfg.c **** 	CY_SET_XTND_REG32((void CYFAR *)(CYREG_GPIO_PRT3_PC), 0x00000024u);
 157              		.loc 1 249 0
 158 0084 2132     		add	r2, r2, #33
 159 0086 084B     		ldr	r3, .L8+20
 160 0088 1A60     		str	r2, [r3]
 250:Generated_Source\PSoC4/cyfitter_cfg.c **** 
 251:Generated_Source\PSoC4/cyfitter_cfg.c **** 
 252:Generated_Source\PSoC4/cyfitter_cfg.c **** 	/* Setup clocks based on selections from Clock DWR */
 253:Generated_Source\PSoC4/cyfitter_cfg.c **** 	ClockSetup();
 161              		.loc 1 253 0
 162 008a FFF7B9FF 		bl	ClockSetup
 163              	.LVL2:
 254:Generated_Source\PSoC4/cyfitter_cfg.c **** 
 255:Generated_Source\PSoC4/cyfitter_cfg.c **** 	/* Perform basic analog initialization to defaults */
 256:Generated_Source\PSoC4/cyfitter_cfg.c **** 	AnalogSetDefault();
 164              		.loc 1 256 0
 165 008e FFF7FEFF 		bl	AnalogSetDefault
 166              	.LVL3:
 257:Generated_Source\PSoC4/cyfitter_cfg.c **** 
 258:Generated_Source\PSoC4/cyfitter_cfg.c **** }
 167              		.loc 1 258 0
 168              		@ sp needed
 169 0092 08BD     		pop	{r3, pc}
 170              	.L9:
 171              		.align	2
 172              	.L8:
 173 0094 00000240 		.word	1073872896
 174 0098 00030240 		.word	1073873664
 175 009c 04013F40 		.word	1077870852
 176 00a0 08000440 		.word	1074003976
 177 00a4 00030440 		.word	1074004736
 178 00a8 08030440 		.word	1074004744
 179              		.cfi_endproc
 180              	.LFE6:
 181              		.size	cyfitter_cfg, .-cyfitter_cfg
 182              		.text
 183              	.Letext0:
 184              		.file 2 "Generated_Source\\PSoC4\\cytypes.h"
 185              		.file 3 "Generated_Source\\PSoC4\\CyLib.h"
ARM GAS  C:\Users\Zeus\AppData\Local\Temp\cc4GUGpV.s 			page 9


 186              		.file 4 "Generated_Source\\PSoC4\\CyLFClk.h"
 187              		.section	.debug_info,"",%progbits
 188              	.Ldebug_info0:
 189 0000 31010000 		.4byte	0x131
 190 0004 0400     		.2byte	0x4
 191 0006 00000000 		.4byte	.Ldebug_abbrev0
 192 000a 04       		.byte	0x4
 193 000b 01       		.uleb128 0x1
 194 000c 0E010000 		.4byte	.LASF15
 195 0010 01       		.byte	0x1
 196 0011 15000000 		.4byte	.LASF16
 197 0015 A0010000 		.4byte	.LASF17
 198 0019 00000000 		.4byte	.Ldebug_ranges0+0
 199 001d 00000000 		.4byte	0
 200 0021 00000000 		.4byte	.Ldebug_line0
 201 0025 02       		.uleb128 0x2
 202 0026 04       		.byte	0x4
 203 0027 05       		.byte	0x5
 204 0028 696E7400 		.ascii	"int\000"
 205 002c 03       		.uleb128 0x3
 206 002d 04       		.byte	0x4
 207 002e 07       		.byte	0x7
 208 002f 3B000000 		.4byte	.LASF0
 209 0033 03       		.uleb128 0x3
 210 0034 01       		.byte	0x1
 211 0035 06       		.byte	0x6
 212 0036 02010000 		.4byte	.LASF1
 213 003a 03       		.uleb128 0x3
 214 003b 01       		.byte	0x1
 215 003c 08       		.byte	0x8
 216 003d 93000000 		.4byte	.LASF2
 217 0041 03       		.uleb128 0x3
 218 0042 02       		.byte	0x2
 219 0043 05       		.byte	0x5
 220 0044 E4010000 		.4byte	.LASF3
 221 0048 03       		.uleb128 0x3
 222 0049 02       		.byte	0x2
 223 004a 07       		.byte	0x7
 224 004b EF000000 		.4byte	.LASF4
 225 004f 03       		.uleb128 0x3
 226 0050 04       		.byte	0x4
 227 0051 05       		.byte	0x5
 228 0052 A6000000 		.4byte	.LASF5
 229 0056 03       		.uleb128 0x3
 230 0057 04       		.byte	0x4
 231 0058 07       		.byte	0x7
 232 0059 5D000000 		.4byte	.LASF6
 233 005d 03       		.uleb128 0x3
 234 005e 08       		.byte	0x8
 235 005f 05       		.byte	0x5
 236 0060 00000000 		.4byte	.LASF7
 237 0064 03       		.uleb128 0x3
 238 0065 08       		.byte	0x8
 239 0066 07       		.byte	0x7
 240 0067 7C000000 		.4byte	.LASF8
 241 006b 03       		.uleb128 0x3
 242 006c 04       		.byte	0x4
ARM GAS  C:\Users\Zeus\AppData\Local\Temp\cc4GUGpV.s 			page 10


 243 006d 07       		.byte	0x7
 244 006e EE010000 		.4byte	.LASF9
 245 0072 03       		.uleb128 0x3
 246 0073 01       		.byte	0x1
 247 0074 08       		.byte	0x8
 248 0075 A1000000 		.4byte	.LASF10
 249 0079 04       		.uleb128 0x4
 250 007a 0E000000 		.4byte	.LASF13
 251 007e 02       		.byte	0x2
 252 007f BB01     		.2byte	0x1bb
 253 0081 56000000 		.4byte	0x56
 254 0085 03       		.uleb128 0x3
 255 0086 04       		.byte	0x4
 256 0087 04       		.byte	0x4
 257 0088 DE010000 		.4byte	.LASF11
 258 008c 03       		.uleb128 0x3
 259 008d 08       		.byte	0x8
 260 008e 04       		.byte	0x4
 261 008f E2000000 		.4byte	.LASF12
 262 0093 04       		.uleb128 0x4
 263 0094 E9000000 		.4byte	.LASF14
 264 0098 02       		.byte	0x2
 265 0099 6502     		.2byte	0x265
 266 009b 9F000000 		.4byte	0x9f
 267 009f 05       		.uleb128 0x5
 268 00a0 79000000 		.4byte	0x79
 269 00a4 06       		.uleb128 0x6
 270 00a5 AF000000 		.4byte	.LASF18
 271 00a9 01       		.byte	0x1
 272 00aa CA       		.byte	0xca
 273 00ab 00000000 		.4byte	.LFB5
 274 00af 18000000 		.4byte	.LFE5-.LFB5
 275 00b3 01       		.uleb128 0x1
 276 00b4 9C       		.byte	0x9c
 277 00b5 07       		.uleb128 0x7
 278 00b6 C0000000 		.4byte	.LASF19
 279 00ba 01       		.byte	0x1
 280 00bb 9C       		.byte	0x9c
 281 00bc 00000000 		.4byte	.LFB4
 282 00c0 64000000 		.4byte	.LFE4-.LFB4
 283 00c4 01       		.uleb128 0x1
 284 00c5 9C       		.byte	0x9c
 285 00c6 EE000000 		.4byte	0xee
 286 00ca 08       		.uleb128 0x8
 287 00cb 0E000000 		.4byte	.LVL0
 288 00cf 16010000 		.4byte	0x116
 289 00d3 DD000000 		.4byte	0xdd
 290 00d7 09       		.uleb128 0x9
 291 00d8 01       		.uleb128 0x1
 292 00d9 50       		.byte	0x50
 293 00da 01       		.uleb128 0x1
 294 00db 48       		.byte	0x48
 295 00dc 00       		.byte	0
 296 00dd 0A       		.uleb128 0xa
 297 00de 3E000000 		.4byte	.LVL1
 298 00e2 27010000 		.4byte	0x127
 299 00e6 09       		.uleb128 0x9
ARM GAS  C:\Users\Zeus\AppData\Local\Temp\cc4GUGpV.s 			page 11


 300 00e7 01       		.uleb128 0x1
 301 00e8 50       		.byte	0x50
 302 00e9 02       		.uleb128 0x2
 303 00ea 74       		.byte	0x74
 304 00eb 00       		.sleb128 0
 305 00ec 00       		.byte	0
 306 00ed 00       		.byte	0
 307 00ee 0B       		.uleb128 0xb
 308 00ef 6F000000 		.4byte	.LASF20
 309 00f3 01       		.byte	0x1
 310 00f4 E4       		.byte	0xe4
 311 00f5 64000000 		.4byte	.LFB6
 312 00f9 48000000 		.4byte	.LFE6-.LFB6
 313 00fd 01       		.uleb128 0x1
 314 00fe 9C       		.byte	0x9c
 315 00ff 16010000 		.4byte	0x116
 316 0103 0C       		.uleb128 0xc
 317 0104 8E000000 		.4byte	.LVL2
 318 0108 B5000000 		.4byte	0xb5
 319 010c 0C       		.uleb128 0xc
 320 010d 92000000 		.4byte	.LVL3
 321 0111 A4000000 		.4byte	0xa4
 322 0115 00       		.byte	0
 323 0116 0D       		.uleb128 0xd
 324 0117 48000000 		.4byte	.LASF21
 325 011b 03       		.byte	0x3
 326 011c 6C       		.byte	0x6c
 327 011d 27010000 		.4byte	0x127
 328 0121 0E       		.uleb128 0xe
 329 0122 79000000 		.4byte	0x79
 330 0126 00       		.byte	0
 331 0127 0F       		.uleb128 0xf
 332 0128 CB000000 		.4byte	.LASF22
 333 012c 04       		.byte	0x4
 334 012d 9F       		.byte	0x9f
 335 012e 0E       		.uleb128 0xe
 336 012f 79000000 		.4byte	0x79
 337 0133 00       		.byte	0
 338 0134 00       		.byte	0
 339              		.section	.debug_abbrev,"",%progbits
 340              	.Ldebug_abbrev0:
 341 0000 01       		.uleb128 0x1
 342 0001 11       		.uleb128 0x11
 343 0002 01       		.byte	0x1
 344 0003 25       		.uleb128 0x25
 345 0004 0E       		.uleb128 0xe
 346 0005 13       		.uleb128 0x13
 347 0006 0B       		.uleb128 0xb
 348 0007 03       		.uleb128 0x3
 349 0008 0E       		.uleb128 0xe
 350 0009 1B       		.uleb128 0x1b
 351 000a 0E       		.uleb128 0xe
 352 000b 55       		.uleb128 0x55
 353 000c 17       		.uleb128 0x17
 354 000d 11       		.uleb128 0x11
 355 000e 01       		.uleb128 0x1
 356 000f 10       		.uleb128 0x10
ARM GAS  C:\Users\Zeus\AppData\Local\Temp\cc4GUGpV.s 			page 12


 357 0010 17       		.uleb128 0x17
 358 0011 00       		.byte	0
 359 0012 00       		.byte	0
 360 0013 02       		.uleb128 0x2
 361 0014 24       		.uleb128 0x24
 362 0015 00       		.byte	0
 363 0016 0B       		.uleb128 0xb
 364 0017 0B       		.uleb128 0xb
 365 0018 3E       		.uleb128 0x3e
 366 0019 0B       		.uleb128 0xb
 367 001a 03       		.uleb128 0x3
 368 001b 08       		.uleb128 0x8
 369 001c 00       		.byte	0
 370 001d 00       		.byte	0
 371 001e 03       		.uleb128 0x3
 372 001f 24       		.uleb128 0x24
 373 0020 00       		.byte	0
 374 0021 0B       		.uleb128 0xb
 375 0022 0B       		.uleb128 0xb
 376 0023 3E       		.uleb128 0x3e
 377 0024 0B       		.uleb128 0xb
 378 0025 03       		.uleb128 0x3
 379 0026 0E       		.uleb128 0xe
 380 0027 00       		.byte	0
 381 0028 00       		.byte	0
 382 0029 04       		.uleb128 0x4
 383 002a 16       		.uleb128 0x16
 384 002b 00       		.byte	0
 385 002c 03       		.uleb128 0x3
 386 002d 0E       		.uleb128 0xe
 387 002e 3A       		.uleb128 0x3a
 388 002f 0B       		.uleb128 0xb
 389 0030 3B       		.uleb128 0x3b
 390 0031 05       		.uleb128 0x5
 391 0032 49       		.uleb128 0x49
 392 0033 13       		.uleb128 0x13
 393 0034 00       		.byte	0
 394 0035 00       		.byte	0
 395 0036 05       		.uleb128 0x5
 396 0037 35       		.uleb128 0x35
 397 0038 00       		.byte	0
 398 0039 49       		.uleb128 0x49
 399 003a 13       		.uleb128 0x13
 400 003b 00       		.byte	0
 401 003c 00       		.byte	0
 402 003d 06       		.uleb128 0x6
 403 003e 2E       		.uleb128 0x2e
 404 003f 00       		.byte	0
 405 0040 03       		.uleb128 0x3
 406 0041 0E       		.uleb128 0xe
 407 0042 3A       		.uleb128 0x3a
 408 0043 0B       		.uleb128 0xb
 409 0044 3B       		.uleb128 0x3b
 410 0045 0B       		.uleb128 0xb
 411 0046 27       		.uleb128 0x27
 412 0047 19       		.uleb128 0x19
 413 0048 11       		.uleb128 0x11
ARM GAS  C:\Users\Zeus\AppData\Local\Temp\cc4GUGpV.s 			page 13


 414 0049 01       		.uleb128 0x1
 415 004a 12       		.uleb128 0x12
 416 004b 06       		.uleb128 0x6
 417 004c 40       		.uleb128 0x40
 418 004d 18       		.uleb128 0x18
 419 004e 9742     		.uleb128 0x2117
 420 0050 19       		.uleb128 0x19
 421 0051 00       		.byte	0
 422 0052 00       		.byte	0
 423 0053 07       		.uleb128 0x7
 424 0054 2E       		.uleb128 0x2e
 425 0055 01       		.byte	0x1
 426 0056 03       		.uleb128 0x3
 427 0057 0E       		.uleb128 0xe
 428 0058 3A       		.uleb128 0x3a
 429 0059 0B       		.uleb128 0xb
 430 005a 3B       		.uleb128 0x3b
 431 005b 0B       		.uleb128 0xb
 432 005c 27       		.uleb128 0x27
 433 005d 19       		.uleb128 0x19
 434 005e 11       		.uleb128 0x11
 435 005f 01       		.uleb128 0x1
 436 0060 12       		.uleb128 0x12
 437 0061 06       		.uleb128 0x6
 438 0062 40       		.uleb128 0x40
 439 0063 18       		.uleb128 0x18
 440 0064 9742     		.uleb128 0x2117
 441 0066 19       		.uleb128 0x19
 442 0067 01       		.uleb128 0x1
 443 0068 13       		.uleb128 0x13
 444 0069 00       		.byte	0
 445 006a 00       		.byte	0
 446 006b 08       		.uleb128 0x8
 447 006c 898201   		.uleb128 0x4109
 448 006f 01       		.byte	0x1
 449 0070 11       		.uleb128 0x11
 450 0071 01       		.uleb128 0x1
 451 0072 31       		.uleb128 0x31
 452 0073 13       		.uleb128 0x13
 453 0074 01       		.uleb128 0x1
 454 0075 13       		.uleb128 0x13
 455 0076 00       		.byte	0
 456 0077 00       		.byte	0
 457 0078 09       		.uleb128 0x9
 458 0079 8A8201   		.uleb128 0x410a
 459 007c 00       		.byte	0
 460 007d 02       		.uleb128 0x2
 461 007e 18       		.uleb128 0x18
 462 007f 9142     		.uleb128 0x2111
 463 0081 18       		.uleb128 0x18
 464 0082 00       		.byte	0
 465 0083 00       		.byte	0
 466 0084 0A       		.uleb128 0xa
 467 0085 898201   		.uleb128 0x4109
 468 0088 01       		.byte	0x1
 469 0089 11       		.uleb128 0x11
 470 008a 01       		.uleb128 0x1
ARM GAS  C:\Users\Zeus\AppData\Local\Temp\cc4GUGpV.s 			page 14


 471 008b 31       		.uleb128 0x31
 472 008c 13       		.uleb128 0x13
 473 008d 00       		.byte	0
 474 008e 00       		.byte	0
 475 008f 0B       		.uleb128 0xb
 476 0090 2E       		.uleb128 0x2e
 477 0091 01       		.byte	0x1
 478 0092 3F       		.uleb128 0x3f
 479 0093 19       		.uleb128 0x19
 480 0094 03       		.uleb128 0x3
 481 0095 0E       		.uleb128 0xe
 482 0096 3A       		.uleb128 0x3a
 483 0097 0B       		.uleb128 0xb
 484 0098 3B       		.uleb128 0x3b
 485 0099 0B       		.uleb128 0xb
 486 009a 27       		.uleb128 0x27
 487 009b 19       		.uleb128 0x19
 488 009c 11       		.uleb128 0x11
 489 009d 01       		.uleb128 0x1
 490 009e 12       		.uleb128 0x12
 491 009f 06       		.uleb128 0x6
 492 00a0 40       		.uleb128 0x40
 493 00a1 18       		.uleb128 0x18
 494 00a2 9742     		.uleb128 0x2117
 495 00a4 19       		.uleb128 0x19
 496 00a5 01       		.uleb128 0x1
 497 00a6 13       		.uleb128 0x13
 498 00a7 00       		.byte	0
 499 00a8 00       		.byte	0
 500 00a9 0C       		.uleb128 0xc
 501 00aa 898201   		.uleb128 0x4109
 502 00ad 00       		.byte	0
 503 00ae 11       		.uleb128 0x11
 504 00af 01       		.uleb128 0x1
 505 00b0 31       		.uleb128 0x31
 506 00b1 13       		.uleb128 0x13
 507 00b2 00       		.byte	0
 508 00b3 00       		.byte	0
 509 00b4 0D       		.uleb128 0xd
 510 00b5 2E       		.uleb128 0x2e
 511 00b6 01       		.byte	0x1
 512 00b7 3F       		.uleb128 0x3f
 513 00b8 19       		.uleb128 0x19
 514 00b9 03       		.uleb128 0x3
 515 00ba 0E       		.uleb128 0xe
 516 00bb 3A       		.uleb128 0x3a
 517 00bc 0B       		.uleb128 0xb
 518 00bd 3B       		.uleb128 0x3b
 519 00be 0B       		.uleb128 0xb
 520 00bf 27       		.uleb128 0x27
 521 00c0 19       		.uleb128 0x19
 522 00c1 3C       		.uleb128 0x3c
 523 00c2 19       		.uleb128 0x19
 524 00c3 01       		.uleb128 0x1
 525 00c4 13       		.uleb128 0x13
 526 00c5 00       		.byte	0
 527 00c6 00       		.byte	0
ARM GAS  C:\Users\Zeus\AppData\Local\Temp\cc4GUGpV.s 			page 15


 528 00c7 0E       		.uleb128 0xe
 529 00c8 05       		.uleb128 0x5
 530 00c9 00       		.byte	0
 531 00ca 49       		.uleb128 0x49
 532 00cb 13       		.uleb128 0x13
 533 00cc 00       		.byte	0
 534 00cd 00       		.byte	0
 535 00ce 0F       		.uleb128 0xf
 536 00cf 2E       		.uleb128 0x2e
 537 00d0 01       		.byte	0x1
 538 00d1 3F       		.uleb128 0x3f
 539 00d2 19       		.uleb128 0x19
 540 00d3 03       		.uleb128 0x3
 541 00d4 0E       		.uleb128 0xe
 542 00d5 3A       		.uleb128 0x3a
 543 00d6 0B       		.uleb128 0xb
 544 00d7 3B       		.uleb128 0x3b
 545 00d8 0B       		.uleb128 0xb
 546 00d9 27       		.uleb128 0x27
 547 00da 19       		.uleb128 0x19
 548 00db 3C       		.uleb128 0x3c
 549 00dc 19       		.uleb128 0x19
 550 00dd 00       		.byte	0
 551 00de 00       		.byte	0
 552 00df 00       		.byte	0
 553              		.section	.debug_aranges,"",%progbits
 554 0000 2C000000 		.4byte	0x2c
 555 0004 0200     		.2byte	0x2
 556 0006 00000000 		.4byte	.Ldebug_info0
 557 000a 04       		.byte	0x4
 558 000b 00       		.byte	0
 559 000c 0000     		.2byte	0
 560 000e 0000     		.2byte	0
 561 0010 00000000 		.4byte	.LFB5
 562 0014 18000000 		.4byte	.LFE5-.LFB5
 563 0018 00000000 		.4byte	.LFB4
 564 001c 64000000 		.4byte	.LFE4-.LFB4
 565 0020 64000000 		.4byte	.LFB6
 566 0024 48000000 		.4byte	.LFE6-.LFB6
 567 0028 00000000 		.4byte	0
 568 002c 00000000 		.4byte	0
 569              		.section	.debug_ranges,"",%progbits
 570              	.Ldebug_ranges0:
 571 0000 00000000 		.4byte	.LFB5
 572 0004 18000000 		.4byte	.LFE5
 573 0008 00000000 		.4byte	.LFB4
 574 000c 64000000 		.4byte	.LFE4
 575 0010 64000000 		.4byte	.LFB6
 576 0014 AC000000 		.4byte	.LFE6
 577 0018 00000000 		.4byte	0
 578 001c 00000000 		.4byte	0
 579              		.section	.debug_line,"",%progbits
 580              	.Ldebug_line0:
 581 0000 A4000000 		.section	.debug_str,"MS",%progbits,1
 581      02006100 
 581      00000201 
 581      FB0E0D00 
ARM GAS  C:\Users\Zeus\AppData\Local\Temp\cc4GUGpV.s 			page 16


 581      01010101 
 582              	.LASF7:
 583 0000 6C6F6E67 		.ascii	"long long int\000"
 583      206C6F6E 
 583      6720696E 
 583      7400
 584              	.LASF13:
 585 000e 75696E74 		.ascii	"uint32\000"
 585      333200
 586              	.LASF16:
 587 0015 47656E65 		.ascii	"Generated_Source\\PSoC4\\cyfitter_cfg.c\000"
 587      72617465 
 587      645F536F 
 587      75726365 
 587      5C50536F 
 588              	.LASF0:
 589 003b 756E7369 		.ascii	"unsigned int\000"
 589      676E6564 
 589      20696E74 
 589      00
 590              	.LASF21:
 591 0048 43795379 		.ascii	"CySysClkWriteImoFreq\000"
 591      73436C6B 
 591      57726974 
 591      65496D6F 
 591      46726571 
 592              	.LASF6:
 593 005d 6C6F6E67 		.ascii	"long unsigned int\000"
 593      20756E73 
 593      69676E65 
 593      6420696E 
 593      7400
 594              	.LASF20:
 595 006f 63796669 		.ascii	"cyfitter_cfg\000"
 595      74746572 
 595      5F636667 
 595      00
 596              	.LASF8:
 597 007c 6C6F6E67 		.ascii	"long long unsigned int\000"
 597      206C6F6E 
 597      6720756E 
 597      7369676E 
 597      65642069 
 598              	.LASF2:
 599 0093 756E7369 		.ascii	"unsigned char\000"
 599      676E6564 
 599      20636861 
 599      7200
 600              	.LASF10:
 601 00a1 63686172 		.ascii	"char\000"
 601      00
 602              	.LASF5:
 603 00a6 6C6F6E67 		.ascii	"long int\000"
 603      20696E74 
 603      00
 604              	.LASF18:
 605 00af 416E616C 		.ascii	"AnalogSetDefault\000"
ARM GAS  C:\Users\Zeus\AppData\Local\Temp\cc4GUGpV.s 			page 17


 605      6F675365 
 605      74446566 
 605      61756C74 
 605      00
 606              	.LASF19:
 607 00c0 436C6F63 		.ascii	"ClockSetup\000"
 607      6B536574 
 607      757000
 608              	.LASF22:
 609 00cb 43795379 		.ascii	"CySysClkSetTimerSource\000"
 609      73436C6B 
 609      53657454 
 609      696D6572 
 609      536F7572 
 610              	.LASF12:
 611 00e2 646F7562 		.ascii	"double\000"
 611      6C6500
 612              	.LASF14:
 613 00e9 72656733 		.ascii	"reg32\000"
 613      3200
 614              	.LASF4:
 615 00ef 73686F72 		.ascii	"short unsigned int\000"
 615      7420756E 
 615      7369676E 
 615      65642069 
 615      6E7400
 616              	.LASF1:
 617 0102 7369676E 		.ascii	"signed char\000"
 617      65642063 
 617      68617200 
 618              	.LASF15:
 619 010e 474E5520 		.ascii	"GNU C 4.9.3 20150303 (release) [ARM/embedded-4_9-br"
 619      4320342E 
 619      392E3320 
 619      32303135 
 619      30333033 
 620 0141 616E6368 		.ascii	"anch revision 221220] -mcpu=cortex-m0plus -mthumb -"
 620      20726576 
 620      6973696F 
 620      6E203232 
 620      31323230 
 621 0174 67202D4F 		.ascii	"g -Og -ffunction-sections -ffat-lto-objects\000"
 621      67202D66 
 621      66756E63 
 621      74696F6E 
 621      2D736563 
 622              	.LASF17:
 623 01a0 433A5C55 		.ascii	"C:\\Users\\Zeus\\Documents\\Projects\\Cypress-PSOC-"
 623      73657273 
 623      5C5A6575 
 623      735C446F 
 623      63756D65 
 624 01ce 4F4C4544 		.ascii	"OLED\\OLED.cydsn\000"
 624      5C4F4C45 
 624      442E6379 
 624      64736E00 
 625              	.LASF11:
ARM GAS  C:\Users\Zeus\AppData\Local\Temp\cc4GUGpV.s 			page 18


 626 01de 666C6F61 		.ascii	"float\000"
 626      7400
 627              	.LASF3:
 628 01e4 73686F72 		.ascii	"short int\000"
 628      7420696E 
 628      7400
 629              	.LASF9:
 630 01ee 73697A65 		.ascii	"sizetype\000"
 630      74797065 
 630      00
 631              		.ident	"GCC: (GNU Tools for ARM Embedded Processors) 4.9.3 20150303 (release) [ARM/embedded-4_9-br
