--------------- Rebuild Started: 01/20/2017 22:48:45 Project: OLED, Configuration: ARM GCC 4.9-2015-q1-update Debug ---------------
Deleting file ".\CortexM0p\ARM_GCC_493\Debug\main.o"
Deleting file ".\CortexM0p\ARM_GCC_493\Debug\ssd1306.o"
Deleting file ".\CortexM0p\ARM_GCC_493\Debug\cyfitter_cfg.o"
Deleting file ".\CortexM0p\ARM_GCC_493\Debug\cymetadata.o"
Deleting file ".\CortexM0p\ARM_GCC_493\Debug\I2COLED.o"
Deleting file ".\CortexM0p\ARM_GCC_493\Debug\I2COLED_I2C_INT.o"
Deleting file ".\CortexM0p\ARM_GCC_493\Debug\I2COLED_I2C.o"
Deleting file ".\CortexM0p\ARM_GCC_493\Debug\I2COLED_I2C_BOOT.o"
Deleting file ".\CortexM0p\ARM_GCC_493\Debug\I2COLED_I2C_MASTER.o"
Deleting file ".\CortexM0p\ARM_GCC_493\Debug\I2COLED_PM.o"
Deleting file ".\CortexM0p\ARM_GCC_493\Debug\I2COLED_BOOT.o"
Deleting file ".\CortexM0p\ARM_GCC_493\Debug\I2COLED_SCBCLK.o"
Deleting file ".\CortexM0p\ARM_GCC_493\Debug\I2COLED_sda.o"
Deleting file ".\CortexM0p\ARM_GCC_493\Debug\I2COLED_sda_PM.o"
Deleting file ".\CortexM0p\ARM_GCC_493\Debug\I2COLED_scl.o"
Deleting file ".\CortexM0p\ARM_GCC_493\Debug\I2COLED_scl_PM.o"
Deleting file ".\CortexM0p\ARM_GCC_493\Debug\I2COLED_SCB_IRQ.o"
Deleting file ".\CortexM0p\ARM_GCC_493\Debug\CyBootAsmGnu.o"
Deleting file ".\CortexM0p\ARM_GCC_493\Debug\CyFlash.o"
Deleting file ".\CortexM0p\ARM_GCC_493\Debug\CyLib.o"
Deleting file ".\CortexM0p\ARM_GCC_493\Debug\cyPm.o"
Deleting file ".\CortexM0p\ARM_GCC_493\Debug\cyutils.o"
Deleting file ".\CortexM0p\ARM_GCC_493\Debug\Cm0plusStart.o"
Deleting file ".\CortexM0p\ARM_GCC_493\Debug\CyDMA.o"
Deleting file ".\CortexM0p\ARM_GCC_493\Debug\CyLFClk.o"
Deleting file ".\CortexM0p\ARM_GCC_493\Debug\OLED.hex"
Deleting file ".\CortexM0p\ARM_GCC_493\Debug\OLED.elf"
Deleting file ".\CortexM0p\ARM_GCC_493\Debug\OLED.map"
Deleting file ".\OLED.cycdx"
Deleting file ".\OLED.rpt"
Deleting file ".\CortexM0p\ARM_GCC_493\Debug\.deps\SOURCE_C__ARM_GCC_GENERIC.P"
Deleting file ".\CortexM0p\ARM_GCC_493\Debug\.deps\SOURCE_ASM__ARM_GCC_GENERIC.P"
cydsfit.exe -.appdatapath "C:\Users\Zeus\AppData\Local\Cypress Semiconductor\PSoC Creator\4.0" -.fdsnotice -.fdswarpdepfile=warp_dependencies.txt -.fdselabdepfile=elab_dependencies.txt -.fdsbldfile=generated_files.txt -.fdsreffile=referenced_files.txt -p C:\Users\Zeus\Documents\Projects\Cypress-PSOC-OLED\OLED.cydsn\OLED.cyprj -d CY8C4A45LQI-483 -s C:\Users\Zeus\Documents\Projects\Cypress-PSOC-OLED\OLED.cydsn\Generated_Source\PSoC4 -- -yv2 -q10 -ygs -o2 -v3 -.fftcfgtype=LE
Elaborating Design...
HDL Generation...
Synthesis...
Tech Mapping...
Analog Placement...
Analog Routing...
Analog Code Generation...
Digital Placement...
Digital Routing...
Info: pft.M0077: There is no timing information available for the selected device. Static timing checks will not be applied and digital routing will not be timing-driven. (App=cydsfit)
Bitstream Generation...
Bitstream Verification...
Static timing analysis...
API Generation...
Dependency Generation...
Cleanup...
arm-none-eabi-gcc.exe -mcpu=cortex-m0plus -mthumb -I. -IGenerated_Source\PSoC4 -Wa,-alh=.\CortexM0p\ARM_GCC_493\Debug/main.lst -g -D DEBUG -Wall -ffunction-sections -Og -ffat-lto-objects -c main.c -o .\CortexM0p\ARM_GCC_493\Debug\main.o
arm-none-eabi-gcc.exe -mcpu=cortex-m0plus -mthumb -I. -IGenerated_Source\PSoC4 -Wa,-alh=.\CortexM0p\ARM_GCC_493\Debug/ssd1306.lst -g -D DEBUG -Wall -ffunction-sections -Og -ffat-lto-objects -c ssd1306.c -o .\CortexM0p\ARM_GCC_493\Debug\ssd1306.o
ssd1306.c: In function 'display_line':
ssd1306.c:274:42: warning: 'mask' may be used uninitialized in this function [-Wmaybe-uninitialized]
                     case BLACK:     *ptr &= ~mask; break;
                                          ^
arm-none-eabi-gcc.exe -mcpu=cortex-m0plus -mthumb -I. -IGenerated_Source\PSoC4 -Wa,-alh=.\CortexM0p\ARM_GCC_493\Debug/cyfitter_cfg.lst -g -D DEBUG -Wall -ffunction-sections -Og -ffat-lto-objects -c Generated_Source\PSoC4\cyfitter_cfg.c -o .\CortexM0p\ARM_GCC_493\Debug\cyfitter_cfg.o
arm-none-eabi-gcc.exe -mcpu=cortex-m0plus -mthumb -I. -IGenerated_Source\PSoC4 -Wa,-alh=.\CortexM0p\ARM_GCC_493\Debug/cymetadata.lst -g -D DEBUG -Wall -ffunction-sections -Og -ffat-lto-objects -c Generated_Source\PSoC4\cymetadata.c -o .\CortexM0p\ARM_GCC_493\Debug\cymetadata.o
arm-none-eabi-gcc.exe -mcpu=cortex-m0plus -mthumb -I. -IGenerated_Source\PSoC4 -Wa,-alh=.\CortexM0p\ARM_GCC_493\Debug/I2COLED.lst -g -D DEBUG -Wall -ffunction-sections -Og -ffat-lto-objects -c Generated_Source\PSoC4\I2COLED.c -o .\CortexM0p\ARM_GCC_493\Debug\I2COLED.o
arm-none-eabi-gcc.exe -mcpu=cortex-m0plus -mthumb -I. -IGenerated_Source\PSoC4 -Wa,-alh=.\CortexM0p\ARM_GCC_493\Debug/I2COLED_I2C_INT.lst -g -D DEBUG -Wall -ffunction-sections -Og -ffat-lto-objects -c Generated_Source\PSoC4\I2COLED_I2C_INT.c -o .\CortexM0p\ARM_GCC_493\Debug\I2COLED_I2C_INT.o
arm-none-eabi-gcc.exe -mcpu=cortex-m0plus -mthumb -I. -IGenerated_Source\PSoC4 -Wa,-alh=.\CortexM0p\ARM_GCC_493\Debug/I2COLED_I2C.lst -g -D DEBUG -Wall -ffunction-sections -Og -ffat-lto-objects -c Generated_Source\PSoC4\I2COLED_I2C.c -o .\CortexM0p\ARM_GCC_493\Debug\I2COLED_I2C.o
arm-none-eabi-gcc.exe -mcpu=cortex-m0plus -mthumb -I. -IGenerated_Source\PSoC4 -Wa,-alh=.\CortexM0p\ARM_GCC_493\Debug/I2COLED_I2C_BOOT.lst -g -D DEBUG -Wall -ffunction-sections -Og -ffat-lto-objects -c Generated_Source\PSoC4\I2COLED_I2C_BOOT.c -o .\CortexM0p\ARM_GCC_493\Debug\I2COLED_I2C_BOOT.o
arm-none-eabi-gcc.exe -mcpu=cortex-m0plus -mthumb -I. -IGenerated_Source\PSoC4 -Wa,-alh=.\CortexM0p\ARM_GCC_493\Debug/I2COLED_I2C_MASTER.lst -g -D DEBUG -Wall -ffunction-sections -Og -ffat-lto-objects -c Generated_Source\PSoC4\I2COLED_I2C_MASTER.c -o .\CortexM0p\ARM_GCC_493\Debug\I2COLED_I2C_MASTER.o
arm-none-eabi-gcc.exe -mcpu=cortex-m0plus -mthumb -I. -IGenerated_Source\PSoC4 -Wa,-alh=.\CortexM0p\ARM_GCC_493\Debug/I2COLED_PM.lst -g -D DEBUG -Wall -ffunction-sections -Og -ffat-lto-objects -c Generated_Source\PSoC4\I2COLED_PM.c -o .\CortexM0p\ARM_GCC_493\Debug\I2COLED_PM.o
arm-none-eabi-gcc.exe -mcpu=cortex-m0plus -mthumb -I. -IGenerated_Source\PSoC4 -Wa,-alh=.\CortexM0p\ARM_GCC_493\Debug/I2COLED_BOOT.lst -g -D DEBUG -Wall -ffunction-sections -Og -ffat-lto-objects -c Generated_Source\PSoC4\I2COLED_BOOT.c -o .\CortexM0p\ARM_GCC_493\Debug\I2COLED_BOOT.o
arm-none-eabi-gcc.exe -mcpu=cortex-m0plus -mthumb -I. -IGenerated_Source\PSoC4 -Wa,-alh=.\CortexM0p\ARM_GCC_493\Debug/I2COLED_SCBCLK.lst -g -D DEBUG -Wall -ffunction-sections -Og -ffat-lto-objects -c Generated_Source\PSoC4\I2COLED_SCBCLK.c -o .\CortexM0p\ARM_GCC_493\Debug\I2COLED_SCBCLK.o
arm-none-eabi-gcc.exe -mcpu=cortex-m0plus -mthumb -I. -IGenerated_Source\PSoC4 -Wa,-alh=.\CortexM0p\ARM_GCC_493\Debug/I2COLED_sda.lst -g -D DEBUG -Wall -ffunction-sections -Og -ffat-lto-objects -c Generated_Source\PSoC4\I2COLED_sda.c -o .\CortexM0p\ARM_GCC_493\Debug\I2COLED_sda.o
arm-none-eabi-gcc.exe -mcpu=cortex-m0plus -mthumb -I. -IGenerated_Source\PSoC4 -Wa,-alh=.\CortexM0p\ARM_GCC_493\Debug/I2COLED_sda_PM.lst -g -D DEBUG -Wall -ffunction-sections -Og -ffat-lto-objects -c Generated_Source\PSoC4\I2COLED_sda_PM.c -o .\CortexM0p\ARM_GCC_493\Debug\I2COLED_sda_PM.o
arm-none-eabi-gcc.exe -mcpu=cortex-m0plus -mthumb -I. -IGenerated_Source\PSoC4 -Wa,-alh=.\CortexM0p\ARM_GCC_493\Debug/I2COLED_scl.lst -g -D DEBUG -Wall -ffunction-sections -Og -ffat-lto-objects -c Generated_Source\PSoC4\I2COLED_scl.c -o .\CortexM0p\ARM_GCC_493\Debug\I2COLED_scl.o
arm-none-eabi-gcc.exe -mcpu=cortex-m0plus -mthumb -I. -IGenerated_Source\PSoC4 -Wa,-alh=.\CortexM0p\ARM_GCC_493\Debug/I2COLED_scl_PM.lst -g -D DEBUG -Wall -ffunction-sections -Og -ffat-lto-objects -c Generated_Source\PSoC4\I2COLED_scl_PM.c -o .\CortexM0p\ARM_GCC_493\Debug\I2COLED_scl_PM.o
arm-none-eabi-gcc.exe -mcpu=cortex-m0plus -mthumb -I. -IGenerated_Source\PSoC4 -Wa,-alh=.\CortexM0p\ARM_GCC_493\Debug/I2COLED_SCB_IRQ.lst -g -D DEBUG -Wall -ffunction-sections -Og -ffat-lto-objects -c Generated_Source\PSoC4\I2COLED_SCB_IRQ.c -o .\CortexM0p\ARM_GCC_493\Debug\I2COLED_SCB_IRQ.o
arm-none-eabi-gcc.exe -mcpu=cortex-m0plus -mthumb -I. -IGenerated_Source\PSoC4 -Wa,-alh=.\CortexM0p\ARM_GCC_493\Debug/CyFlash.lst -g -D DEBUG -Wall -ffunction-sections -Og -ffat-lto-objects -c Generated_Source\PSoC4\CyFlash.c -o .\CortexM0p\ARM_GCC_493\Debug\CyFlash.o
arm-none-eabi-gcc.exe -mcpu=cortex-m0plus -mthumb -I. -IGenerated_Source\PSoC4 -Wa,-alh=.\CortexM0p\ARM_GCC_493\Debug/CyLib.lst -g -D DEBUG -Wall -ffunction-sections -Og -ffat-lto-objects -c Generated_Source\PSoC4\CyLib.c -o .\CortexM0p\ARM_GCC_493\Debug\CyLib.o
arm-none-eabi-gcc.exe -mcpu=cortex-m0plus -mthumb -I. -IGenerated_Source\PSoC4 -Wa,-alh=.\CortexM0p\ARM_GCC_493\Debug/cyPm.lst -g -D DEBUG -Wall -ffunction-sections -Og -ffat-lto-objects -c Generated_Source\PSoC4\cyPm.c -o .\CortexM0p\ARM_GCC_493\Debug\cyPm.o
arm-none-eabi-gcc.exe -mcpu=cortex-m0plus -mthumb -I. -IGenerated_Source\PSoC4 -Wa,-alh=.\CortexM0p\ARM_GCC_493\Debug/cyutils.lst -g -D DEBUG -Wall -ffunction-sections -Og -ffat-lto-objects -c Generated_Source\PSoC4\cyutils.c -o .\CortexM0p\ARM_GCC_493\Debug\cyutils.o
arm-none-eabi-gcc.exe -mcpu=cortex-m0plus -mthumb -I. -IGenerated_Source\PSoC4 -Wa,-alh=.\CortexM0p\ARM_GCC_493\Debug/Cm0plusStart.lst -g -D DEBUG -Wall -ffunction-sections -Og -ffat-lto-objects -c Generated_Source\PSoC4\Cm0plusStart.c -o .\CortexM0p\ARM_GCC_493\Debug\Cm0plusStart.o
arm-none-eabi-gcc.exe -mcpu=cortex-m0plus -mthumb -I. -IGenerated_Source\PSoC4 -Wa,-alh=.\CortexM0p\ARM_GCC_493\Debug/CyDMA.lst -g -D DEBUG -Wall -ffunction-sections -Og -ffat-lto-objects -c Generated_Source\PSoC4\CyDMA.c -o .\CortexM0p\ARM_GCC_493\Debug\CyDMA.o
arm-none-eabi-gcc.exe -mcpu=cortex-m0plus -mthumb -I. -IGenerated_Source\PSoC4 -Wa,-alh=.\CortexM0p\ARM_GCC_493\Debug/CyLFClk.lst -g -D DEBUG -Wall -ffunction-sections -Og -ffat-lto-objects -c Generated_Source\PSoC4\CyLFClk.c -o .\CortexM0p\ARM_GCC_493\Debug\CyLFClk.o
arm-none-eabi-gcc.exe -mcpu=cortex-m0plus -mthumb -I. -IGenerated_Source\PSoC4 -Wa,-alh=.\CortexM0p\ARM_GCC_493\Debug/Clock_1.lst -g -D DEBUG -Wall -ffunction-sections -Og -ffat-lto-objects -c Generated_Source\PSoC4\Clock_1.c -o .\CortexM0p\ARM_GCC_493\Debug\Clock_1.o
arm-none-eabi-as.exe -mcpu=cortex-m0plus -mthumb -I. -IGenerated_Source\PSoC4 -alh=.\CortexM0p\ARM_GCC_493\Debug/CyBootAsmGnu.lst -g -W -o .\CortexM0p\ARM_GCC_493\Debug\CyBootAsmGnu.o Generated_Source\PSoC4\CyBootAsmGnu.s
arm-none-eabi-ar.exe -rs .\CortexM0p\ARM_GCC_493\Debug\OLED.a .\CortexM0p\ARM_GCC_493\Debug\cyfitter_cfg.o .\CortexM0p\ARM_GCC_493\Debug\I2COLED.o .\CortexM0p\ARM_GCC_493\Debug\I2COLED_I2C_INT.o .\CortexM0p\ARM_GCC_493\Debug\I2COLED_I2C.o .\CortexM0p\ARM_GCC_493\Debug\I2COLED_I2C_BOOT.o .\CortexM0p\ARM_GCC_493\Debug\I2COLED_I2C_MASTER.o .\CortexM0p\ARM_GCC_493\Debug\I2COLED_PM.o .\CortexM0p\ARM_GCC_493\Debug\I2COLED_BOOT.o .\CortexM0p\ARM_GCC_493\Debug\I2COLED_SCBCLK.o .\CortexM0p\ARM_GCC_493\Debug\I2COLED_sda.o .\CortexM0p\ARM_GCC_493\Debug\I2COLED_sda_PM.o .\CortexM0p\ARM_GCC_493\Debug\I2COLED_scl.o .\CortexM0p\ARM_GCC_493\Debug\I2COLED_scl_PM.o .\CortexM0p\ARM_GCC_493\Debug\I2COLED_SCB_IRQ.o .\CortexM0p\ARM_GCC_493\Debug\CyFlash.o .\CortexM0p\ARM_GCC_493\Debug\CyLib.o .\CortexM0p\ARM_GCC_493\Debug\cyPm.o .\CortexM0p\ARM_GCC_493\Debug\cyutils.o .\CortexM0p\ARM_GCC_493\Debug\CyDMA.o .\CortexM0p\ARM_GCC_493\Debug\CyLFClk.o .\CortexM0p\ARM_GCC_493\Debug\Clock_1.o .\CortexM0p\ARM_GCC_493\Debug\CyBootAsmGnu.o
arm-none-eabi-ar.exe: creating .\CortexM0p\ARM_GCC_493\Debug\OLED.a
arm-none-eabi-gcc.exe -Wl,--start-group -o .\CortexM0p\ARM_GCC_493\Debug\OLED.elf .\CortexM0p\ARM_GCC_493\Debug\main.o .\CortexM0p\ARM_GCC_493\Debug\ssd1306.o .\CortexM0p\ARM_GCC_493\Debug\cymetadata.o .\CortexM0p\ARM_GCC_493\Debug\Cm0plusStart.o .\CortexM0p\ARM_GCC_493\Debug\OLED.a -mcpu=cortex-m0plus -mthumb -g -ffunction-sections -Og -ffat-lto-objects -L Generated_Source\PSoC4 -Wl,-Map,.\CortexM0p\ARM_GCC_493\Debug/OLED.map -T C:\Users\Zeus\Documents\Projects\Cypress-PSOC-OLED\OLED.cydsn\Generated_Source\PSoC4\cm0plusgcc.ld -specs=nano.specs -Wl,--gc-sections -Wl,--end-group
cyelftool.exe -C C:\Users\Zeus\Documents\Projects\Cypress-PSOC-OLED\OLED.cydsn\CortexM0p\ARM_GCC_493\Debug\OLED.elf --flash_row_size 128 --flash_size 32768
cyelftool.exe -S C:\Users\Zeus\Documents\Projects\Cypress-PSOC-OLED\OLED.cydsn\CortexM0p\ARM_GCC_493\Debug\OLED.elf
Flash used: 9744 of 32768 bytes (29.7 %).
SRAM used: 2568 of 4096 bytes (62.7 %). Stack: 1024 bytes. Heap: 128 bytes.
--------------- Rebuild Succeeded: 01/20/2017 22:48:57 ---------------
